2023-07-28T16:26:41.591+02:00  INFO 1752 --- [restartedMain] c.e.a.AplicacionWebFilmotokioApplication : Starting AplicacionWebFilmotokioApplication using Java 19.0.2 with PID 1752 (C:\Users\dandr\IntelliJIDEAProjects\TokioSchool Java\Aplicacion Web FILMOTOKIO\AplicacionWebFILMOTOKIO\target\classes started by dandr in C:\Users\dandr\IntelliJIDEAProjects\TokioSchool Java\Aplicacion Web FILMOTOKIO\AplicacionWebFILMOTOKIO)
2023-07-28T16:26:41.592+02:00  INFO 1752 --- [restartedMain] c.e.a.AplicacionWebFilmotokioApplication : No active profile set, falling back to 1 default profile: "default"
2023-07-28T16:26:41.643+02:00  INFO 1752 --- [restartedMain] .e.DevToolsPropertyDefaultsPostProcessor : Devtools property defaults active! Set 'spring.devtools.add-properties' to 'false' to disable
2023-07-28T16:26:41.645+02:00  INFO 1752 --- [restartedMain] .e.DevToolsPropertyDefaultsPostProcessor : For additional web related logging consider setting the 'logging.level.web' property to 'DEBUG'
2023-07-28T16:26:42.483+02:00  INFO 1752 --- [restartedMain] .s.d.r.c.RepositoryConfigurationDelegate : Multiple Spring Data modules found, entering strict repository configuration mode
2023-07-28T16:26:42.484+02:00  INFO 1752 --- [restartedMain] .s.d.r.c.RepositoryConfigurationDelegate : Bootstrapping Spring Data JDBC repositories in DEFAULT mode.
2023-07-28T16:26:42.514+02:00  INFO 1752 --- [restartedMain] .RepositoryConfigurationExtensionSupport : Spring Data JDBC - Could not safely identify store assignment for repository candidate interface com.example.aplicacionwebfilmotokio.repository.RoleRepository; If you want this repository to be a JDBC repository, consider annotating your entities with one of these annotations: org.springframework.data.relational.core.mapping.Table.
2023-07-28T16:26:42.515+02:00  INFO 1752 --- [restartedMain] .RepositoryConfigurationExtensionSupport : Spring Data JDBC - Could not safely identify store assignment for repository candidate interface com.example.aplicacionwebfilmotokio.repository.UserRepository; If you want this repository to be a JDBC repository, consider annotating your entities with one of these annotations: org.springframework.data.relational.core.mapping.Table.
2023-07-28T16:26:42.516+02:00  INFO 1752 --- [restartedMain] .s.d.r.c.RepositoryConfigurationDelegate : Finished Spring Data repository scanning in 27 ms. Found 0 JDBC repository interfaces.
2023-07-28T16:26:42.523+02:00  INFO 1752 --- [restartedMain] .s.d.r.c.RepositoryConfigurationDelegate : Multiple Spring Data modules found, entering strict repository configuration mode
2023-07-28T16:26:42.524+02:00  INFO 1752 --- [restartedMain] .s.d.r.c.RepositoryConfigurationDelegate : Bootstrapping Spring Data JPA repositories in DEFAULT mode.
2023-07-28T16:26:42.557+02:00  INFO 1752 --- [restartedMain] .s.d.r.c.RepositoryConfigurationDelegate : Finished Spring Data repository scanning in 29 ms. Found 2 JPA repository interfaces.
2023-07-28T16:26:43.075+02:00  INFO 1752 --- [restartedMain] o.s.b.w.embedded.tomcat.TomcatWebServer  : Tomcat initialized with port(s): 8080 (http)
2023-07-28T16:26:43.085+02:00  INFO 1752 --- [restartedMain] o.apache.catalina.core.StandardService   : Starting service [Tomcat]
2023-07-28T16:26:43.085+02:00  INFO 1752 --- [restartedMain] o.apache.catalina.core.StandardEngine    : Starting Servlet engine: [Apache Tomcat/10.1.8]
2023-07-28T16:26:43.133+02:00  INFO 1752 --- [restartedMain] o.a.c.c.C.[Tomcat].[localhost].[/]       : Initializing Spring embedded WebApplicationContext
2023-07-28T16:26:43.135+02:00  INFO 1752 --- [restartedMain] w.s.c.ServletWebServerApplicationContext : Root WebApplicationContext: initialization completed in 1489 ms
2023-07-28T16:26:43.348+02:00  INFO 1752 --- [restartedMain] o.hibernate.jpa.internal.util.LogHelper  : HHH000204: Processing PersistenceUnitInfo [name: default]
2023-07-28T16:26:43.388+02:00  INFO 1752 --- [restartedMain] org.hibernate.Version                    : HHH000412: Hibernate ORM core version 6.2.2.Final
2023-07-28T16:26:43.390+02:00  INFO 1752 --- [restartedMain] org.hibernate.cfg.Environment            : HHH000406: Using bytecode reflection optimizer
2023-07-28T16:26:43.504+02:00  INFO 1752 --- [restartedMain] o.h.b.i.BytecodeProviderInitiator        : HHH000021: Bytecode provider name : bytebuddy
2023-07-28T16:26:43.624+02:00  INFO 1752 --- [restartedMain] o.s.o.j.p.SpringPersistenceUnitInfo      : No LoadTimeWeaver setup: ignoring JPA class transformer
2023-07-28T16:26:43.638+02:00  INFO 1752 --- [restartedMain] com.zaxxer.hikari.HikariDataSource       : HikariPool-1 - Starting...
2023-07-28T16:26:43.861+02:00  INFO 1752 --- [restartedMain] com.zaxxer.hikari.pool.HikariPool        : HikariPool-1 - Added connection com.mysql.cj.jdbc.ConnectionImpl@229dd7a0
2023-07-28T16:26:43.863+02:00  INFO 1752 --- [restartedMain] com.zaxxer.hikari.HikariDataSource       : HikariPool-1 - Start completed.
2023-07-28T16:26:43.920+02:00  INFO 1752 --- [restartedMain] org.hibernate.orm.dialect                : HHH035001: Using dialect: org.hibernate.dialect.MySQLDialect, version: 8.0.31
2023-07-28T16:26:44.160+02:00  INFO 1752 --- [restartedMain] o.h.b.i.BytecodeProviderInitiator        : HHH000021: Bytecode provider name : bytebuddy
2023-07-28T16:26:44.786+02:00  INFO 1752 --- [restartedMain] o.h.e.t.j.p.i.JtaPlatformInitiator       : HHH000490: Using JtaPlatform implementation: [org.hibernate.engine.transaction.jta.platform.internal.NoJtaPlatform]
2023-07-28T16:26:44.958+02:00  INFO 1752 --- [restartedMain] j.LocalContainerEntityManagerFactoryBean : Initialized JPA EntityManagerFactory for persistence unit 'default'
2023-07-28T16:26:45.275+02:00  WARN 1752 --- [restartedMain] JpaBaseConfiguration$JpaWebConfiguration : spring.jpa.open-in-view is enabled by default. Therefore, database queries may be performed during view rendering. Explicitly configure spring.jpa.open-in-view to disable this warning
2023-07-28T16:26:45.362+02:00  INFO 1752 --- [restartedMain] o.s.b.a.w.s.WelcomePageHandlerMapping    : Adding welcome page template: index
2023-07-28T16:26:45.603+02:00  INFO 1752 --- [restartedMain] o.s.b.a.e.web.EndpointLinksResolver      : Exposing 1 endpoint(s) beneath base path '/actuator'
2023-07-28T16:26:45.672+02:00  INFO 1752 --- [restartedMain] o.s.s.web.DefaultSecurityFilterChain     : Will secure any request with [org.springframework.security.web.session.DisableEncodeUrlFilter@185ad600, org.springframework.security.web.context.request.async.WebAsyncManagerIntegrationFilter@19381be7, org.springframework.security.web.context.SecurityContextHolderFilter@3d4e4de2, org.springframework.security.web.header.HeaderWriterFilter@34d1bab5, org.springframework.security.web.csrf.CsrfFilter@76c95109, org.springframework.security.web.authentication.logout.LogoutFilter@522b2d3f, org.springframework.security.web.authentication.UsernamePasswordAuthenticationFilter@19e0d26f, org.springframework.security.web.savedrequest.RequestCacheAwareFilter@69face12, org.springframework.security.web.servletapi.SecurityContextHolderAwareRequestFilter@6376d8aa, org.springframework.security.web.authentication.AnonymousAuthenticationFilter@d8e3dc0, org.springframework.security.web.access.ExceptionTranslationFilter@136d769, org.springframework.security.web.access.intercept.FilterSecurityInterceptor@12446823]
2023-07-28T16:26:45.985+02:00  INFO 1752 --- [restartedMain] o.s.b.d.a.OptionalLiveReloadServer       : LiveReload server is running on port 35729
2023-07-28T16:26:46.047+02:00  INFO 1752 --- [restartedMain] o.s.b.w.embedded.tomcat.TomcatWebServer  : Tomcat started on port(s): 8080 (http) with context path ''
2023-07-28T16:26:46.060+02:00  INFO 1752 --- [restartedMain] c.e.a.AplicacionWebFilmotokioApplication : Started AplicacionWebFilmotokioApplication in 4.917 seconds (process running for 5.55)
2023-07-28T16:26:46.236+02:00  INFO 1752 --- [RMI TCP Connection(2)-192.168.56.1] o.a.c.c.C.[Tomcat].[localhost].[/]       : Initializing Spring DispatcherServlet 'dispatcherServlet'
2023-07-28T16:26:46.237+02:00  INFO 1752 --- [RMI TCP Connection(2)-192.168.56.1] o.s.web.servlet.DispatcherServlet        : Initializing Servlet 'dispatcherServlet'
2023-07-28T16:26:46.239+02:00  INFO 1752 --- [RMI TCP Connection(2)-192.168.56.1] o.s.web.servlet.DispatcherServlet        : Completed initialization in 1 ms
2023-07-28T16:26:57.039+02:00  INFO 1752 --- [http-nio-8080-exec-2] c.e.a.service.impl.UserServiceImpl       : Saving user in the database
2023-07-28T16:26:57.137+02:00  INFO 1752 --- [http-nio-8080-exec-2] c.e.a.controller.UserController          : The user has been registered successfully.
2023-07-28T16:26:57.314+02:00  WARN 1752 --- [http-nio-8080-exec-2] actStandardFragmentInsertionTagProcessor : [THYMELEAF][http-nio-8080-exec-2][registration] Deprecated unwrapped fragment expression "fragments/head" found in template registration, line 1, col 7. Please use the complete syntax of fragment expressions instead ("~{fragments/head}"). The old, unwrapped syntax for fragment expressions will be removed in future versions of Thymeleaf.
2023-07-28T16:26:57.324+02:00  WARN 1752 --- [http-nio-8080-exec-2] actStandardFragmentInsertionTagProcessor : [THYMELEAF][http-nio-8080-exec-2][registration] Deprecated unwrapped fragment expression "fragments/header" found in template registration, line 3, col 9. Please use the complete syntax of fragment expressions instead ("~{fragments/header}"). The old, unwrapped syntax for fragment expressions will be removed in future versions of Thymeleaf.
2023-07-28T16:26:57.399+02:00  WARN 1752 --- [http-nio-8080-exec-2] actStandardFragmentInsertionTagProcessor : [THYMELEAF][http-nio-8080-exec-2][registration] Deprecated unwrapped fragment expression "fragments/footer" found in template registration, line 49, col 9. Please use the complete syntax of fragment expressions instead ("~{fragments/footer}"). The old, unwrapped syntax for fragment expressions will be removed in future versions of Thymeleaf.
2023-07-28T16:29:24.866+02:00  INFO 1752 --- [SpringApplicationShutdownHook] j.LocalContainerEntityManagerFactoryBean : Closing JPA EntityManagerFactory for persistence unit 'default'
2023-07-28T16:29:24.870+02:00  INFO 1752 --- [SpringApplicationShutdownHook] com.zaxxer.hikari.HikariDataSource       : HikariPool-1 - Shutdown initiated...
2023-07-28T16:29:24.878+02:00  INFO 1752 --- [SpringApplicationShutdownHook] com.zaxxer.hikari.HikariDataSource       : HikariPool-1 - Shutdown completed.
